<?xml version="1.0" encoding="UTF-8" standalone="yes"?>
<testsuites name="MainTest" time="65" tests="2" failures="1" errors="0">
    <testsuite name="MainTest" tests="2" failures="1" errors="0" time="65" timestamp="2019-07-29 22:04:09" hostname="johanneshenkie - 192.168.31.94" id="Test Suites/MainTest">
        <properties>
            <property name="deviceName" value=""/>
            <property name="devicePlatform" value=""/>
            <property name="logFolder" value="/Users/johanneshenkie/kDocker/WebAutomation/Reports/MainTest/20190729_220357"/>
            <property name="logFiles" value="/Users/johanneshenkie/kDocker/WebAutomation/Reports/MainTest/20190729_220357/execution0.log"/>
            <property name="attachments" value="/Users/johanneshenkie/kDocker/WebAutomation/Reports/MainTest/20190729_220357/1564409112722.png, /Users/johanneshenkie/kDocker/WebAutomation/Reports/MainTest/20190729_220357/1564409113676.png"/>
            <property name="hostName" value="johanneshenkie - 192.168.31.94"/>
            <property name="os" value="Mac OS X 64bit"/>
            <property name="katalonVersion" value="6.2.2.4"/>
            <property name="browser" value="Chrome 75.0.3770.100"/>
            <property name="hostAddress" value="192.168.31.94"/>
            <property name="sessionId" value="4a07a26949205ac96b688912781bf7d2"/>
            <property name="seleniumVersion" value="3.141.59"/>
            <property name="proxyInformation" value="ProxyInformation{proxyOption=NO_PROXY, proxyServerType=HTTP, password=, proxyServerAddress=, proxyServerPort=0}"/>
            <property name="platform" value="Mac OS X"/>
        </properties>
        <testcase name="Test Cases/SearchProduct" classname="Test Cases/SearchProduct" status="PASSED">
            <system-out>2019-07-29 22:04:09 - [TEST_CASE][PASSED] - Test Cases/SearchProduct: Test Cases/SearchProduct

2019-07-29 22:04:09 - [TEST_STEP][PASSED] - openBrowser(""): Browser is opened with url: ''

2019-07-29 22:04:09 - [MESSAGE][INFO] - Starting 'Chrome' driver

2019-07-29 22:04:09 - [MESSAGE][INFO] - Action delay is set to 0 seconds

2019-07-29 22:04:11 - [MESSAGE][PASSED] - Browser is opened with url: ''

2019-07-29 22:04:11 - [TEST_STEP][PASSED] - navigateToUrl(Site_URL): Navigate to 'https://www.lelong.com.my/' successfully

2019-07-29 22:04:20 - [MESSAGE][PASSED] - Navigate to 'https://www.lelong.com.my/' successfully

2019-07-29 22:04:20 - [TEST_STEP][PASSED] - verifyMatch(getUrl(), Site_URL, false): Actual text 'https://www.lelong.com.my/' and expected text 'https://www.lelong.com.my/' are matched 

2019-07-29 22:04:20 - [MESSAGE][PASSED] - Current window's url is: 'https://www.lelong.com.my/'

2019-07-29 22:04:20 - [MESSAGE][PASSED] - Actual text 'https://www.lelong.com.my/' and expected text 'https://www.lelong.com.my/' are matched 

2019-07-29 22:04:20 - [TEST_STEP][PASSED] - searchAction(searchInvalid): null

2019-07-29 22:04:20 - [TEST_STEP][PASSED] - lelongweb.keyword.setText(findTestObject("SearchProduct/Page_Index/input_searchText"), text): lelongweb.keyword.setText is PASSED

2019-07-29 22:04:20 - [MESSAGE][PASSED] - Text 'xcasdsadd' is set on object 'Object Repository/SearchProduct/Page_Index/input_searchText'

2019-07-29 22:04:20 - [MESSAGE][PASSED] - lelongweb.keyword.setText is PASSED

2019-07-29 22:04:20 - [TEST_STEP][PASSED] - click(findTestObject("SearchProduct/Page_Index/span_searchButton")): Object: 'Object Repository/SearchProduct/Page_Index/span_searchButton' is clicked on

2019-07-29 22:04:27 - [MESSAGE][PASSED] - Object: 'Object Repository/SearchProduct/Page_Index/span_searchButton' is clicked on

2019-07-29 22:04:27 - [TEST_STEP][PASSED] - verifyElementText(findTestObject("SearchProduct/Page_Result/span_noResult"), searchNotFound): Actual text and expected text of test object 'Object Repository/SearchProduct/Page_Result/span_noResult' are matched.

2019-07-29 22:04:27 - [MESSAGE][PASSED] - Actual text and expected text of test object 'Object Repository/SearchProduct/Page_Result/span_noResult' are matched.

2019-07-29 22:04:27 - [TEST_STEP][PASSED] - searchAction(searchValid): null

2019-07-29 22:04:27 - [TEST_STEP][PASSED] - lelongweb.keyword.setText(findTestObject("SearchProduct/Page_Index/input_searchText"), text): lelongweb.keyword.setText is PASSED

2019-07-29 22:04:27 - [MESSAGE][PASSED] - Text 'Iphone X' is set on object 'Object Repository/SearchProduct/Page_Index/input_searchText'

2019-07-29 22:04:27 - [MESSAGE][PASSED] - lelongweb.keyword.setText is PASSED

2019-07-29 22:04:27 - [TEST_STEP][PASSED] - click(findTestObject("SearchProduct/Page_Index/span_searchButton")): Object: 'Object Repository/SearchProduct/Page_Index/span_searchButton' is clicked on

2019-07-29 22:04:36 - [MESSAGE][PASSED] - Object: 'Object Repository/SearchProduct/Page_Index/span_searchButton' is clicked on

2019-07-29 22:04:36 - [TEST_STEP][PASSED] - countResult = lelongweb.keyword.countElement(searchResultList): lelongweb.keyword.countElement is PASSED

2019-07-29 22:04:36 - [MESSAGE][PASSED] - lelongweb.keyword.countElement is PASSED

2019-07-29 22:04:36 - [TEST_STEP][PASSED] - verifyGreaterThan(countResult, 6): Actual number '71' is greater than expected number '6'

2019-07-29 22:04:36 - [MESSAGE][PASSED] - Actual number '71' is greater than expected number '6'

2019-07-29 22:04:36 - [TEST_STEP][PASSED] - getText(findTestObject("SearchProduct/Page_Result/span_resultInItems")).contains(searchValid): Text of object 'Object Repository/SearchProduct/Page_Result/span_resultInItems' is: ' 6 Sold
Apple Iphone X (64GB) ORIGINAL set by APPLE Malaysia!
BUY WITH CONFIDENCE! 100% GOOD RATING SINCE YEAR 2007
  directd  
Ship from : Selangor ,Estimated Arrival 3-5 working days.

RM 4,857.54 -28 %
RM 3,499.00

RM 10.00
Sponsored
Add to wishlist (9)'

2019-07-29 22:04:36 - [MESSAGE][PASSED] - Text of object 'Object Repository/SearchProduct/Page_Result/span_resultInItems' is: ' 6 Sold
Apple Iphone X (64GB) ORIGINAL set by APPLE Malaysia!
BUY WITH CONFIDENCE! 100% GOOD RATING SINCE YEAR 2007
  directd  
Ship from : Selangor ,Estimated Arrival 3-5 working days.

RM 4,857.54 -28 %
RM 3,499.00

RM 10.00
Sponsored
Add to wishlist (9)'

2019-07-29 22:04:36 - [TEST_STEP][PASSED] - closeBrowser(): Browser is closed

2019-07-29 22:04:36 - [MESSAGE][PASSED] - Browser is closed</system-out>
            <system-err></system-err>
        </testcase>
        <testcase name="Test Cases/Register" classname="Test Cases/Register" status="PASSED">
            <system-out>2019-07-29 22:04:36 - [TEST_CASE][PASSED] - Test Cases/Register: Test Cases/Register

2019-07-29 22:04:36 - [TEST_STEP][PASSED] - openBrowser(""): Browser is opened with url: ''

2019-07-29 22:04:36 - [MESSAGE][INFO] - Starting 'Chrome' driver

2019-07-29 22:04:37 - [MESSAGE][PASSED] - Browser is opened with url: ''

2019-07-29 22:04:37 - [TEST_STEP][PASSED] - navigateToUrl(Site_URL): Navigate to 'https://www.lelong.com.my/' successfully

2019-07-29 22:04:42 - [MESSAGE][PASSED] - Navigate to 'https://www.lelong.com.my/' successfully

2019-07-29 22:04:42 - [TEST_STEP][PASSED] - verifyMatch(getUrl(), Site_URL, false): Actual text 'https://www.lelong.com.my/' and expected text 'https://www.lelong.com.my/' are matched 

2019-07-29 22:04:42 - [MESSAGE][PASSED] - Current window's url is: 'https://www.lelong.com.my/'

2019-07-29 22:04:42 - [MESSAGE][PASSED] - Actual text 'https://www.lelong.com.my/' and expected text 'https://www.lelong.com.my/' are matched 

2019-07-29 22:04:42 - [TEST_STEP][PASSED] - click(findTestObject("Register/Page_Index/link-Register")): Object: 'Object Repository/Register/Page_Index/link-Register' is clicked on

2019-07-29 22:04:44 - [MESSAGE][PASSED] - Object: 'Object Repository/Register/Page_Index/link-Register' is clicked on

2019-07-29 22:04:44 - [TEST_STEP][PASSED] - verifyElementText(findTestObject("Register/Page_Register/label_signUp"), signUpLabel): Actual text and expected text of test object 'Object Repository/Register/Page_Register/label_signUp' are matched.

2019-07-29 22:04:44 - [MESSAGE][PASSED] - Actual text and expected text of test object 'Object Repository/Register/Page_Register/label_signUp' are matched.

2019-07-29 22:04:44 - [TEST_STEP][PASSED] - closeBrowser(): Browser is closed

2019-07-29 22:04:44 - [MESSAGE][PASSED] - Browser is closed</system-out>
            <system-err></system-err>
        </testcase>
        <testcase name="Test Cases/Login" classname="Test Cases/Login" status="FAILED">
            <failure type="FAILED" message="Test Cases/Login FAILED.&#xA;Reason:&#xA;com.kms.katalon.core.exception.StepFailedException: Verify element text of test object 'Object Repository/Login/Page_Member/link-Username' FAILED.&#xA;&#x9;at com.kms.katalon.core.webui.keyword.internal.WebUIKeywordMain.stepFailed(WebUIKeywordMain.groovy:64)&#xA;&#x9;at com.kms.katalon.core.webui.keyword.internal.WebUIKeywordMain.runKeyword(WebUIKeywordMain.groovy:26)&#xA;&#x9;at com.kms.katalon.core.webui.keyword.builtin.VerifyElementTextKeyword.verifyElementText(VerifyElementTextKeyword.groovy:72)&#xA;&#x9;at com.kms.katalon.core.webui.keyword.builtin.VerifyElementTextKeyword.execute(VerifyElementTextKeyword.groovy:40)&#xA;&#x9;at com.kms.katalon.core.keyword.internal.KeywordExecutor.executeKeywordForPlatform(KeywordExecutor.groovy:56)&#xA;&#x9;at com.kms.katalon.core.webui.keyword.WebUiBuiltInKeywords.verifyElementText(WebUiBuiltInKeywords.groovy:3663)&#xA;&#x9;at com.kms.katalon.core.webui.keyword.WebUiBuiltInKeywords$verifyElementText$4.call(Unknown Source)&#xA;&#x9;at Login.run(Login:50)&#xA;&#x9;at com.kms.katalon.core.main.ScriptEngine.run(ScriptEngine.java:194)&#xA;&#x9;at com.kms.katalon.core.main.ScriptEngine.runScriptAsRawText(ScriptEngine.java:119)&#xA;&#x9;at com.kms.katalon.core.main.TestCaseExecutor.runScript(TestCaseExecutor.java:337)&#xA;&#x9;at com.kms.katalon.core.main.TestCaseExecutor.doExecute(TestCaseExecutor.java:328)&#xA;&#x9;at com.kms.katalon.core.main.TestCaseExecutor.processExecutionPhase(TestCaseExecutor.java:307)&#xA;&#x9;at com.kms.katalon.core.main.TestCaseExecutor.accessMainPhase(TestCaseExecutor.java:299)&#xA;&#x9;at com.kms.katalon.core.main.TestCaseExecutor.execute(TestCaseExecutor.java:233)&#xA;&#x9;at com.kms.katalon.core.main.TestSuiteExecutor.accessTestCaseMainPhase(TestSuiteExecutor.java:133)&#xA;&#x9;at com.kms.katalon.core.main.TestSuiteExecutor.accessTestSuiteMainPhase(TestSuiteExecutor.java:116)&#xA;&#x9;at com.kms.katalon.core.main.TestSuiteExecutor.execute(TestSuiteExecutor.java:83)&#xA;&#x9;at com.kms.katalon.core.main.TestCaseMain.startTestSuite(TestCaseMain.java:157)&#xA;&#x9;at com.kms.katalon.core.main.TestCaseMain$startTestSuite$0.call(Unknown Source)&#xA;&#x9;at TempTestSuite1564409047331.run(TempTestSuite1564409047331.groovy:35)&#xA;Caused by: com.kms.katalon.core.exception.StepFailedException: Actual text '' and expected text 'Hi, JohannesKie' of test object 'Object Repository/Login/Page_Member/link-Username' are NOT matched.&#xA;&#x9;at com.kms.katalon.core.webui.keyword.internal.WebUIKeywordMain.stepFailed(WebUIKeywordMain.groovy:64)&#xA;&#x9;at com.kms.katalon.core.webui.keyword.builtin.VerifyElementTextKeyword$_verifyElementText_closure1.doCall(VerifyElementTextKeyword.groovy:57)&#xA;&#x9;at com.kms.katalon.core.webui.keyword.builtin.VerifyElementTextKeyword$_verifyElementText_closure1.call(VerifyElementTextKeyword.groovy)&#xA;&#x9;at com.kms.katalon.core.webui.keyword.internal.WebUIKeywordMain.runKeyword(WebUIKeywordMain.groovy:20)&#xA;&#x9;... 19 more&#xA;"/>
            <system-out>2019-07-29 22:04:44 - [TEST_CASE][FAILED] - Test Cases/Login: Test Cases/Login FAILED.
Reason:
com.kms.katalon.core.exception.StepFailedException: Verify element text of test object 'Object Repository/Login/Page_Member/link-Username' FAILED.
	at com.kms.katalon.core.webui.keyword.internal.WebUIKeywordMain.stepFailed(WebUIKeywordMain.groovy:64)
	at com.kms.katalon.core.webui.keyword.internal.WebUIKeywordMain.runKeyword(WebUIKeywordMain.groovy:26)
	at com.kms.katalon.core.webui.keyword.builtin.VerifyElementTextKeyword.verifyElementText(VerifyElementTextKeyword.groovy:72)
	at com.kms.katalon.core.webui.keyword.builtin.VerifyElementTextKeyword.execute(VerifyElementTextKeyword.groovy:40)
	at com.kms.katalon.core.keyword.internal.KeywordExecutor.executeKeywordForPlatform(KeywordExecutor.groovy:56)
	at com.kms.katalon.core.webui.keyword.WebUiBuiltInKeywords.verifyElementText(WebUiBuiltInKeywords.groovy:3663)
	at com.kms.katalon.core.webui.keyword.WebUiBuiltInKeywords$verifyElementText$4.call(Unknown Source)
	at Login.run(Login:50)
	at com.kms.katalon.core.main.ScriptEngine.run(ScriptEngine.java:194)
	at com.kms.katalon.core.main.ScriptEngine.runScriptAsRawText(ScriptEngine.java:119)
	at com.kms.katalon.core.main.TestCaseExecutor.runScript(TestCaseExecutor.java:337)
	at com.kms.katalon.core.main.TestCaseExecutor.doExecute(TestCaseExecutor.java:328)
	at com.kms.katalon.core.main.TestCaseExecutor.processExecutionPhase(TestCaseExecutor.java:307)
	at com.kms.katalon.core.main.TestCaseExecutor.accessMainPhase(TestCaseExecutor.java:299)
	at com.kms.katalon.core.main.TestCaseExecutor.execute(TestCaseExecutor.java:233)
	at com.kms.katalon.core.main.TestSuiteExecutor.accessTestCaseMainPhase(TestSuiteExecutor.java:133)
	at com.kms.katalon.core.main.TestSuiteExecutor.accessTestSuiteMainPhase(TestSuiteExecutor.java:116)
	at com.kms.katalon.core.main.TestSuiteExecutor.execute(TestSuiteExecutor.java:83)
	at com.kms.katalon.core.main.TestCaseMain.startTestSuite(TestCaseMain.java:157)
	at com.kms.katalon.core.main.TestCaseMain$startTestSuite$0.call(Unknown Source)
	at TempTestSuite1564409047331.run(TempTestSuite1564409047331.groovy:35)
Caused by: com.kms.katalon.core.exception.StepFailedException: Actual text '' and expected text 'Hi, JohannesKie' of test object 'Object Repository/Login/Page_Member/link-Username' are NOT matched.
	at com.kms.katalon.core.webui.keyword.internal.WebUIKeywordMain.stepFailed(WebUIKeywordMain.groovy:64)
	at com.kms.katalon.core.webui.keyword.builtin.VerifyElementTextKeyword$_verifyElementText_closure1.doCall(VerifyElementTextKeyword.groovy:57)
	at com.kms.katalon.core.webui.keyword.builtin.VerifyElementTextKeyword$_verifyElementText_closure1.call(VerifyElementTextKeyword.groovy)
	at com.kms.katalon.core.webui.keyword.internal.WebUIKeywordMain.runKeyword(WebUIKeywordMain.groovy:20)
	... 19 more


2019-07-29 22:04:44 - [TEST_STEP][PASSED] - openBrowser(""): Browser is opened with url: ''

2019-07-29 22:04:44 - [MESSAGE][INFO] - Starting 'Chrome' driver

2019-07-29 22:04:45 - [MESSAGE][PASSED] - Browser is opened with url: ''

2019-07-29 22:04:45 - [TEST_STEP][PASSED] - navigateToUrl(Site_URL): Navigate to 'https://www.lelong.com.my/' successfully

2019-07-29 22:04:53 - [MESSAGE][PASSED] - Navigate to 'https://www.lelong.com.my/' successfully

2019-07-29 22:04:53 - [TEST_STEP][PASSED] - verifyMatch(getUrl(), Site_URL, false): Actual text 'https://www.lelong.com.my/' and expected text 'https://www.lelong.com.my/' are matched 

2019-07-29 22:04:53 - [MESSAGE][PASSED] - Current window's url is: 'https://www.lelong.com.my/'

2019-07-29 22:04:53 - [MESSAGE][PASSED] - Actual text 'https://www.lelong.com.my/' and expected text 'https://www.lelong.com.my/' are matched 

2019-07-29 22:04:53 - [TEST_STEP][PASSED] - click(findTestObject("Login/Page_Index/link-Login")): Object: 'Object Repository/Login/Page_Index/link-Login' is clicked on

2019-07-29 22:05:00 - [MESSAGE][PASSED] - Object: 'Object Repository/Login/Page_Index/link-Login' is clicked on

2019-07-29 22:05:00 - [TEST_STEP][PASSED] - loginAction(userInvalid, passwordInvalid): null

2019-07-29 22:05:00 - [TEST_STEP][PASSED] - setText(findTestObject("Login/Page_SignIn/input_UserName"), username): Text 'johan' is set on object 'Object Repository/Login/Page_SignIn/input_UserName'

2019-07-29 22:05:00 - [MESSAGE][PASSED] - Text 'johan' is set on object 'Object Repository/Login/Page_SignIn/input_UserName'

2019-07-29 22:05:00 - [TEST_STEP][PASSED] - setEncryptedText(findTestObject("Login/Page_SignIn/input_Password"), password): Text ****** has been set on object 'Object Repository/Login/Page_SignIn/input_Password'

2019-07-29 22:05:00 - [MESSAGE][PASSED] - Text ****** has been set on object 'Object Repository/Login/Page_SignIn/input_Password'

2019-07-29 22:05:00 - [TEST_STEP][PASSED] - click(findTestObject("Login/Page_SignIn/btn_signIn")): Object: 'Object Repository/Login/Page_SignIn/btn_signIn' is clicked on

2019-07-29 22:05:06 - [MESSAGE][PASSED] - Object: 'Object Repository/Login/Page_SignIn/btn_signIn' is clicked on

2019-07-29 22:05:06 - [TEST_STEP][PASSED] - verifyElementText(findTestObject("Login/Page_SignIn/label_errorMessage"), errorInvalid): Actual text and expected text of test object 'Object Repository/Login/Page_SignIn/label_errorMessage' are matched.

2019-07-29 22:05:06 - [MESSAGE][PASSED] - Actual text and expected text of test object 'Object Repository/Login/Page_SignIn/label_errorMessage' are matched.

2019-07-29 22:05:06 - [TEST_STEP][PASSED] - loginAction(userValid, passwordValid): null

2019-07-29 22:05:06 - [TEST_STEP][PASSED] - setText(findTestObject("Login/Page_SignIn/input_UserName"), username): Text 'johanneskie' is set on object 'Object Repository/Login/Page_SignIn/input_UserName'

2019-07-29 22:05:06 - [MESSAGE][PASSED] - Text 'johanneskie' is set on object 'Object Repository/Login/Page_SignIn/input_UserName'

2019-07-29 22:05:06 - [TEST_STEP][PASSED] - setEncryptedText(findTestObject("Login/Page_SignIn/input_Password"), password): Text ****** has been set on object 'Object Repository/Login/Page_SignIn/input_Password'

2019-07-29 22:05:06 - [MESSAGE][PASSED] - Text ****** has been set on object 'Object Repository/Login/Page_SignIn/input_Password'

2019-07-29 22:05:06 - [TEST_STEP][PASSED] - click(findTestObject("Login/Page_SignIn/btn_signIn")): Object: 'Object Repository/Login/Page_SignIn/btn_signIn' is clicked on

2019-07-29 22:05:12 - [MESSAGE][PASSED] - Object: 'Object Repository/Login/Page_SignIn/btn_signIn' is clicked on

2019-07-29 22:05:12 - [TEST_STEP][FAILED] - verifyElementText(findTestObject("Login/Page_Member/link-Username"), userName): Verify element text of test object 'Object Repository/Login/Page_Member/link-Username' FAILED. (Root cause: com.kms.katalon.core.exception.StepFailedException: Verify element text of test object 'Object Repository/Login/Page_Member/link-Username' FAILED.
	at com.kms.katalon.core.webui.keyword.internal.WebUIKeywordMain.stepFailed(WebUIKeywordMain.groovy:64)
	at com.kms.katalon.core.webui.keyword.internal.WebUIKeywordMain.runKeyword(WebUIKeywordMain.groovy:26)
	at com.kms.katalon.core.webui.keyword.builtin.VerifyElementTextKeyword.verifyElementText(VerifyElementTextKeyword.groovy:72)
	at com.kms.katalon.core.webui.keyword.builtin.VerifyElementTextKeyword.execute(VerifyElementTextKeyword.groovy:40)
	at com.kms.katalon.core.keyword.internal.KeywordExecutor.executeKeywordForPlatform(KeywordExecutor.groovy:56)
	at com.kms.katalon.core.webui.keyword.WebUiBuiltInKeywords.verifyElementText(WebUiBuiltInKeywords.groovy:3663)
	at com.kms.katalon.core.webui.keyword.WebUiBuiltInKeywords$verifyElementText$4.call(Unknown Source)
	at Login.run(Login:50)
	at com.kms.katalon.core.main.ScriptEngine.run(ScriptEngine.java:194)
	at com.kms.katalon.core.main.ScriptEngine.runScriptAsRawText(ScriptEngine.java:119)
	at com.kms.katalon.core.main.TestCaseExecutor.runScript(TestCaseExecutor.java:337)
	at com.kms.katalon.core.main.TestCaseExecutor.doExecute(TestCaseExecutor.java:328)
	at com.kms.katalon.core.main.TestCaseExecutor.processExecutionPhase(TestCaseExecutor.java:307)
	at com.kms.katalon.core.main.TestCaseExecutor.accessMainPhase(TestCaseExecutor.java:299)
	at com.kms.katalon.core.main.TestCaseExecutor.execute(TestCaseExecutor.java:233)
	at com.kms.katalon.core.main.TestSuiteExecutor.accessTestCaseMainPhase(TestSuiteExecutor.java:133)
	at com.kms.katalon.core.main.TestSuiteExecutor.accessTestSuiteMainPhase(TestSuiteExecutor.java:116)
	at com.kms.katalon.core.main.TestSuiteExecutor.execute(TestSuiteExecutor.java:83)
	at com.kms.katalon.core.main.TestCaseMain.startTestSuite(TestCaseMain.java:157)
	at com.kms.katalon.core.main.TestCaseMain$startTestSuite$0.call(Unknown Source)
	at TempTestSuite1564409047331.run(TempTestSuite1564409047331.groovy:35)
Caused by: com.kms.katalon.core.exception.StepFailedException: Actual text '' and expected text 'Hi, JohannesKie' of test object 'Object Repository/Login/Page_Member/link-Username' are NOT matched.
	at com.kms.katalon.core.webui.keyword.internal.WebUIKeywordMain.stepFailed(WebUIKeywordMain.groovy:64)
	at com.kms.katalon.core.webui.keyword.builtin.VerifyElementTextKeyword$_verifyElementText_closure1.doCall(VerifyElementTextKeyword.groovy:57)
	at com.kms.katalon.core.webui.keyword.builtin.VerifyElementTextKeyword$_verifyElementText_closure1.call(VerifyElementTextKeyword.groovy)
	at com.kms.katalon.core.webui.keyword.internal.WebUIKeywordMain.runKeyword(WebUIKeywordMain.groovy:20)
	... 19 more
)

2019-07-29 22:05:13 - [MESSAGE][FAILED] - Actual text '' and expected text 'Hi, JohannesKie' of test object 'Object Repository/Login/Page_Member/link-Username' are NOT matched. (Root cause: com.kms.katalon.core.exception.StepFailedException: Actual text '' and expected text 'Hi, JohannesKie' of test object 'Object Repository/Login/Page_Member/link-Username' are NOT matched.
	at com.kms.katalon.core.webui.keyword.internal.WebUIKeywordMain.stepFailed(WebUIKeywordMain.groovy:64)
	at com.kms.katalon.core.webui.keyword.builtin.VerifyElementTextKeyword$_verifyElementText_closure1.doCall(VerifyElementTextKeyword.groovy:57)
	at com.kms.katalon.core.webui.keyword.builtin.VerifyElementTextKeyword$_verifyElementText_closure1.call(VerifyElementTextKeyword.groovy)
	at com.kms.katalon.core.webui.keyword.internal.WebUIKeywordMain.runKeyword(WebUIKeywordMain.groovy:20)
	at com.kms.katalon.core.webui.keyword.builtin.VerifyElementTextKeyword.verifyElementText(VerifyElementTextKeyword.groovy:72)
	at com.kms.katalon.core.webui.keyword.builtin.VerifyElementTextKeyword.execute(VerifyElementTextKeyword.groovy:40)
	at com.kms.katalon.core.keyword.internal.KeywordExecutor.executeKeywordForPlatform(KeywordExecutor.groovy:56)
	at com.kms.katalon.core.webui.keyword.WebUiBuiltInKeywords.verifyElementText(WebUiBuiltInKeywords.groovy:3663)
	at com.kms.katalon.core.webui.keyword.WebUiBuiltInKeywords$verifyElementText$4.call(Unknown Source)
	at Login.run(Login:50)
	at com.kms.katalon.core.main.ScriptEngine.run(ScriptEngine.java:194)
	at com.kms.katalon.core.main.ScriptEngine.runScriptAsRawText(ScriptEngine.java:119)
	at com.kms.katalon.core.main.TestCaseExecutor.runScript(TestCaseExecutor.java:337)
	at com.kms.katalon.core.main.TestCaseExecutor.doExecute(TestCaseExecutor.java:328)
	at com.kms.katalon.core.main.TestCaseExecutor.processExecutionPhase(TestCaseExecutor.java:307)
	at com.kms.katalon.core.main.TestCaseExecutor.accessMainPhase(TestCaseExecutor.java:299)
	at com.kms.katalon.core.main.TestCaseExecutor.execute(TestCaseExecutor.java:233)
	at com.kms.katalon.core.main.TestSuiteExecutor.accessTestCaseMainPhase(TestSuiteExecutor.java:133)
	at com.kms.katalon.core.main.TestSuiteExecutor.accessTestSuiteMainPhase(TestSuiteExecutor.java:116)
	at com.kms.katalon.core.main.TestSuiteExecutor.execute(TestSuiteExecutor.java:83)
	at com.kms.katalon.core.main.TestCaseMain.startTestSuite(TestCaseMain.java:157)
	at com.kms.katalon.core.main.TestCaseMain$startTestSuite$0.call(Unknown Source)
	at TempTestSuite1564409047331.run(TempTestSuite1564409047331.groovy:35)
)
[[ATTACHMENT|/Users/johanneshenkie/kDocker/WebAutomation/Reports/MainTest/20190729_220357/1564409112722.png]]

2019-07-29 22:05:14 - [MESSAGE][FAILED] - Verify element text of test object 'Object Repository/Login/Page_Member/link-Username' FAILED. (Root cause: com.kms.katalon.core.exception.StepFailedException: Verify element text of test object 'Object Repository/Login/Page_Member/link-Username' FAILED.
	at com.kms.katalon.core.webui.keyword.internal.WebUIKeywordMain.stepFailed(WebUIKeywordMain.groovy:64)
	at com.kms.katalon.core.webui.keyword.internal.WebUIKeywordMain.runKeyword(WebUIKeywordMain.groovy:26)
	at com.kms.katalon.core.webui.keyword.builtin.VerifyElementTextKeyword.verifyElementText(VerifyElementTextKeyword.groovy:72)
	at com.kms.katalon.core.webui.keyword.builtin.VerifyElementTextKeyword.execute(VerifyElementTextKeyword.groovy:40)
	at com.kms.katalon.core.keyword.internal.KeywordExecutor.executeKeywordForPlatform(KeywordExecutor.groovy:56)
	at com.kms.katalon.core.webui.keyword.WebUiBuiltInKeywords.verifyElementText(WebUiBuiltInKeywords.groovy:3663)
	at com.kms.katalon.core.webui.keyword.WebUiBuiltInKeywords$verifyElementText$4.call(Unknown Source)
	at Login.run(Login:50)
	at com.kms.katalon.core.main.ScriptEngine.run(ScriptEngine.java:194)
	at com.kms.katalon.core.main.ScriptEngine.runScriptAsRawText(ScriptEngine.java:119)
	at com.kms.katalon.core.main.TestCaseExecutor.runScript(TestCaseExecutor.java:337)
	at com.kms.katalon.core.main.TestCaseExecutor.doExecute(TestCaseExecutor.java:328)
	at com.kms.katalon.core.main.TestCaseExecutor.processExecutionPhase(TestCaseExecutor.java:307)
	at com.kms.katalon.core.main.TestCaseExecutor.accessMainPhase(TestCaseExecutor.java:299)
	at com.kms.katalon.core.main.TestCaseExecutor.execute(TestCaseExecutor.java:233)
	at com.kms.katalon.core.main.TestSuiteExecutor.accessTestCaseMainPhase(TestSuiteExecutor.java:133)
	at com.kms.katalon.core.main.TestSuiteExecutor.accessTestSuiteMainPhase(TestSuiteExecutor.java:116)
	at com.kms.katalon.core.main.TestSuiteExecutor.execute(TestSuiteExecutor.java:83)
	at com.kms.katalon.core.main.TestCaseMain.startTestSuite(TestCaseMain.java:157)
	at com.kms.katalon.core.main.TestCaseMain$startTestSuite$0.call(Unknown Source)
	at TempTestSuite1564409047331.run(TempTestSuite1564409047331.groovy:35)
Caused by: com.kms.katalon.core.exception.StepFailedException: Actual text '' and expected text 'Hi, JohannesKie' of test object 'Object Repository/Login/Page_Member/link-Username' are NOT matched.
	at com.kms.katalon.core.webui.keyword.internal.WebUIKeywordMain.stepFailed(WebUIKeywordMain.groovy:64)
	at com.kms.katalon.core.webui.keyword.builtin.VerifyElementTextKeyword$_verifyElementText_closure1.doCall(VerifyElementTextKeyword.groovy:57)
	at com.kms.katalon.core.webui.keyword.builtin.VerifyElementTextKeyword$_verifyElementText_closure1.call(VerifyElementTextKeyword.groovy)
	at com.kms.katalon.core.webui.keyword.internal.WebUIKeywordMain.runKeyword(WebUIKeywordMain.groovy:20)
	... 19 more
)
[[ATTACHMENT|/Users/johanneshenkie/kDocker/WebAutomation/Reports/MainTest/20190729_220357/1564409113676.png]]</system-out>
            <system-err>2019-07-29 22:04:44 - [TEST_CASE][FAILED] - Test Cases/Login: Test Cases/Login FAILED.
Reason:
com.kms.katalon.core.exception.StepFailedException: Verify element text of test object 'Object Repository/Login/Page_Member/link-Username' FAILED.
	at com.kms.katalon.core.webui.keyword.internal.WebUIKeywordMain.stepFailed(WebUIKeywordMain.groovy:64)
	at com.kms.katalon.core.webui.keyword.internal.WebUIKeywordMain.runKeyword(WebUIKeywordMain.groovy:26)
	at com.kms.katalon.core.webui.keyword.builtin.VerifyElementTextKeyword.verifyElementText(VerifyElementTextKeyword.groovy:72)
	at com.kms.katalon.core.webui.keyword.builtin.VerifyElementTextKeyword.execute(VerifyElementTextKeyword.groovy:40)
	at com.kms.katalon.core.keyword.internal.KeywordExecutor.executeKeywordForPlatform(KeywordExecutor.groovy:56)
	at com.kms.katalon.core.webui.keyword.WebUiBuiltInKeywords.verifyElementText(WebUiBuiltInKeywords.groovy:3663)
	at com.kms.katalon.core.webui.keyword.WebUiBuiltInKeywords$verifyElementText$4.call(Unknown Source)
	at Login.run(Login:50)
	at com.kms.katalon.core.main.ScriptEngine.run(ScriptEngine.java:194)
	at com.kms.katalon.core.main.ScriptEngine.runScriptAsRawText(ScriptEngine.java:119)
	at com.kms.katalon.core.main.TestCaseExecutor.runScript(TestCaseExecutor.java:337)
	at com.kms.katalon.core.main.TestCaseExecutor.doExecute(TestCaseExecutor.java:328)
	at com.kms.katalon.core.main.TestCaseExecutor.processExecutionPhase(TestCaseExecutor.java:307)
	at com.kms.katalon.core.main.TestCaseExecutor.accessMainPhase(TestCaseExecutor.java:299)
	at com.kms.katalon.core.main.TestCaseExecutor.execute(TestCaseExecutor.java:233)
	at com.kms.katalon.core.main.TestSuiteExecutor.accessTestCaseMainPhase(TestSuiteExecutor.java:133)
	at com.kms.katalon.core.main.TestSuiteExecutor.accessTestSuiteMainPhase(TestSuiteExecutor.java:116)
	at com.kms.katalon.core.main.TestSuiteExecutor.execute(TestSuiteExecutor.java:83)
	at com.kms.katalon.core.main.TestCaseMain.startTestSuite(TestCaseMain.java:157)
	at com.kms.katalon.core.main.TestCaseMain$startTestSuite$0.call(Unknown Source)
	at TempTestSuite1564409047331.run(TempTestSuite1564409047331.groovy:35)
Caused by: com.kms.katalon.core.exception.StepFailedException: Actual text '' and expected text 'Hi, JohannesKie' of test object 'Object Repository/Login/Page_Member/link-Username' are NOT matched.
	at com.kms.katalon.core.webui.keyword.internal.WebUIKeywordMain.stepFailed(WebUIKeywordMain.groovy:64)
	at com.kms.katalon.core.webui.keyword.builtin.VerifyElementTextKeyword$_verifyElementText_closure1.doCall(VerifyElementTextKeyword.groovy:57)
	at com.kms.katalon.core.webui.keyword.builtin.VerifyElementTextKeyword$_verifyElementText_closure1.call(VerifyElementTextKeyword.groovy)
	at com.kms.katalon.core.webui.keyword.internal.WebUIKeywordMain.runKeyword(WebUIKeywordMain.groovy:20)
	... 19 more</system-err>
        </testcase>
        <system-out>2019-07-29 22:04:09 - [TEST_SUITE][INCOMPLETE] - MainTest: null</system-out>
        <system-err>2019-07-29 22:04:09 - [TEST_SUITE][INCOMPLETE] - MainTest: null</system-err>
    </testsuite>
</testsuites>
